d:\graphics\3d_graphics_render_engine\rasteriser\x64\debug\vc142.pdb
d:\graphics\3d_graphics_render_engine\rasteriser\x64\debug\vc142.idb
d:\graphics\3d_graphics_render_engine\rasteriser\x64\debug\vertex.obj
d:\graphics\3d_graphics_render_engine\rasteriser\x64\debug\vector3d.obj
d:\graphics\3d_graphics_render_engine\rasteriser\x64\debug\rasteriser.obj
d:\graphics\3d_graphics_render_engine\rasteriser\x64\debug\polygon3d.obj
d:\graphics\3d_graphics_render_engine\rasteriser\x64\debug\model.obj
d:\graphics\3d_graphics_render_engine\rasteriser\x64\debug\md2loader.obj
d:\graphics\3d_graphics_render_engine\rasteriser\x64\debug\matrix.obj
d:\graphics\3d_graphics_render_engine\rasteriser\x64\debug\framework.obj
d:\graphics\3d_graphics_render_engine\rasteriser\x64\debug\camera.obj
d:\graphics\3d_graphics_render_engine\rasteriser\x64\debug\bitmap.obj
d:\graphics\3d_graphics_render_engine\x64\debug\rasteriser.exe
d:\graphics\3d_graphics_render_engine\x64\debug\rasteriser.ilk
d:\graphics\3d_graphics_render_engine\x64\debug\rasteriser.pdb
d:\graphics\3d_graphics_render_engine\rasteriser\x64\debug\rasteriser.res
d:\graphics\3d_graphics_render_engine\rasteriser\x64\debug\rasteriser.tlog\cl.command.1.tlog
d:\graphics\3d_graphics_render_engine\rasteriser\x64\debug\rasteriser.tlog\cl.read.1.tlog
d:\graphics\3d_graphics_render_engine\rasteriser\x64\debug\rasteriser.tlog\cl.write.1.tlog
d:\graphics\3d_graphics_render_engine\rasteriser\x64\debug\rasteriser.tlog\link.command.1.tlog
d:\graphics\3d_graphics_render_engine\rasteriser\x64\debug\rasteriser.tlog\link.read.1.tlog
d:\graphics\3d_graphics_render_engine\rasteriser\x64\debug\rasteriser.tlog\link.write.1.tlog
d:\graphics\3d_graphics_render_engine\rasteriser\x64\debug\rasteriser.tlog\rc.command.1.tlog
d:\graphics\3d_graphics_render_engine\rasteriser\x64\debug\rasteriser.tlog\rc.read.1.tlog
d:\graphics\3d_graphics_render_engine\rasteriser\x64\debug\rasteriser.tlog\rc.write.1.tlog
